0 verbose cli /usr/local/bin/node /usr/local/bin/npm
1 info using npm@10.8.2
2 info using node@v20.18.1
3 silly config load:file:/usr/local/lib/node_modules/npm/npmrc
4 silly config load:file:/data/.npmrc
5 silly config load:file:/usr/src/node-red/.npmrc
6 silly config load:file:/usr/local/etc/npmrc
7 verbose title npm install node-red-contrib-influxdb@0.7.0
8 verbose argv "install" "--no-audit" "--no-update-notifier" "--no-fund" "--save" "--save-prefix" "~" "--omit" "dev" "--engine-strict" "node-red-contrib-influxdb@0.7.0"
9 verbose logfile logs-max:10 dir:/data/.npm/_logs/2025-01-29T17_36_44_170Z-
10 verbose logfile /data/.npm/_logs/2025-01-29T17_36_44_170Z-debug-0.log
11 silly packumentCache heap:2106327040 maxSize:526581760 maxEntrySize:263290880
12 silly logfile done cleaning log files
13 silly idealTree buildDeps
14 silly fetch manifest node-red-contrib-influxdb@0.7.0
15 silly packumentCache full:https://registry.npmjs.org/node-red-contrib-influxdb cache-miss
16 http fetch GET https://registry.npmjs.org/node-red-contrib-influxdb attempt 1 failed with ETIMEDOUT
17 http fetch GET https://registry.npmjs.org/node-red-contrib-influxdb attempt 2 failed with ETIMEDOUT
18 http fetch GET https://registry.npmjs.org/node-red-contrib-influxdb attempt 3 failed with ETIMEDOUT
19 silly placeDep ROOT node-red-contrib-influxdb@ OK for: node-red-project@0.0.1 want: 0.7.0
20 verbose type system
21 verbose stack FetchError: request to https://registry.npmjs.org/node-red-contrib-influxdb failed, reason: 
21 verbose stack     at ClientRequest.<anonymous> (/usr/local/lib/node_modules/npm/node_modules/minipass-fetch/lib/index.js:130:14)
21 verbose stack     at ClientRequest.emit (node:events:518:28)
21 verbose stack     at emitErrorEvent (node:_http_client:101:11)
21 verbose stack     at _destroy (node:_http_client:884:9)
21 verbose stack     at onSocketNT (node:_http_client:904:5)
21 verbose stack     at process.processTicksAndRejections (node:internal/process/task_queues:83:21)
22 error code ETIMEDOUT
23 error errno ETIMEDOUT
24 error network request to https://registry.npmjs.org/node-red-contrib-influxdb failed, reason: 
25 error network This is a problem related to network connectivity.
25 error network In most cases you are behind a proxy or have bad network settings.
25 error network
25 error network If you are behind a proxy, please make sure that the
25 error network 'proxy' config is set properly.  See: 'npm help config'
26 silly unfinished npm timer reify 1738172204607
27 silly unfinished npm timer reify:loadTrees 1738172204610
28 verbose cwd /data
29 verbose os Linux 5.15.167.4-microsoft-standard-WSL2
30 verbose node v20.18.1
31 verbose npm  v10.8.2
32 verbose exit 1
33 verbose code 1
34 error A complete log of this run can be found in: /data/.npm/_logs/2025-01-29T17_36_44_170Z-debug-0.log
